[2016-04-02 11:27:38] requirements_debian_update_system
requirements_debian_update_system () 
{ 
    __rvm_try_sudo apt-get --quiet --yes update || { 
        \typeset __ret=$?;
        case ${__ret} in 
            100)
                rvm_error "There has been error while updating 'apt-get', please give it some time and try again later.
404 errors should be fixed for rvm to proceed. Check your sources configured in:
    /etc/apt/sources.list
    /etc/apt/sources.list.d/*.list
"
            ;;
        esac;
        return ${__ret}
    }
}
current path: /home/ronick
PATH=/usr/local/sbin:/usr/local/bin:/usr/sbin:/usr/bin:/sbin:/bin:/usr/games:/usr/local/games:/home/ronick/.rvm/bin
command(2): requirements_debian_update_system 
+ __rvm_try_sudo apt-get --quiet --yes update
+ typeset -a command_to_run
+ typeset sudo_path sbin_path missing_paths
+ command_to_run=("$@")
+ ((  UID == 0  ))
+ case "$rvm_autolibs_flag_number" in
+ is_a_function __rvm_sudo
+ typeset -f __rvm_sudo
+ missing_paths=
+ for sbin_path in /sbin /usr/sbin /usr/local/sbin
+ [[ -d /sbin ]]
+ [[ :/usr/local/sbin:/usr/local/bin:/usr/sbin:/usr/bin:/sbin:/bin:/usr/games:/usr/local/games:/home/ronick/.rvm/bin: != *\:\/\s\b\i\n\:* ]]
+ for sbin_path in /sbin /usr/sbin /usr/local/sbin
+ [[ -d /usr/sbin ]]
+ [[ :/usr/local/sbin:/usr/local/bin:/usr/sbin:/usr/bin:/sbin:/bin:/usr/games:/usr/local/games:/home/ronick/.rvm/bin: != *\:\/\u\s\r\/\s\b\i\n\:* ]]
+ for sbin_path in /sbin /usr/sbin /usr/local/sbin
+ [[ -d /usr/local/sbin ]]
+ [[ :/usr/local/sbin:/usr/local/bin:/usr/sbin:/usr/bin:/sbin:/bin:/usr/games:/usr/local/games:/home/ronick/.rvm/bin: != *\:\/\u\s\r\/\l\o\c\a\l\/\s\b\i\n\:* ]]
+ [[ -n '' ]]
+ command_to_run=(__rvm_sudo -p "%p password required for '$*': " "${command_to_run[@]}")
+ __rvm_sudo -p '%p password required for '\''apt-get --quiet --yes update'\'': ' apt-get --quiet --yes update
+ command sudo -p '%p password required for '\''apt-get --quiet --yes update'\'': ' apt-get --quiet --yes update
+ sudo -p '%p password required for '\''apt-get --quiet --yes update'\'': ' apt-get --quiet --yes update
Ign http://ua.archive.ubuntu.com trusty InRelease
Hit http://ua.archive.ubuntu.com trusty-updates InRelease
Hit http://ua.archive.ubuntu.com trusty-backports InRelease
Hit http://ua.archive.ubuntu.com trusty Release.gpg
Hit http://ua.archive.ubuntu.com trusty Release
Hit http://ua.archive.ubuntu.com trusty-updates/main Sources
Hit http://ua.archive.ubuntu.com trusty-updates/restricted Sources
Hit http://ua.archive.ubuntu.com trusty-updates/universe Sources
Hit http://ua.archive.ubuntu.com trusty-updates/multiverse Sources
Hit http://ua.archive.ubuntu.com trusty-updates/main amd64 Packages
Hit http://ua.archive.ubuntu.com trusty-updates/restricted amd64 Packages
Hit http://ua.archive.ubuntu.com trusty-updates/universe amd64 Packages
Hit http://ua.archive.ubuntu.com trusty-updates/multiverse amd64 Packages
Ign http://extras.ubuntu.com trusty InRelease
Hit http://ua.archive.ubuntu.com trusty-updates/main i386 Packages
Hit http://ua.archive.ubuntu.com trusty-updates/restricted i386 Packages
Get:1 http://security.ubuntu.com trusty-security InRelease [65,9 kB]
Hit http://ua.archive.ubuntu.com trusty-updates/universe i386 Packages
Hit http://ua.archive.ubuntu.com trusty-updates/multiverse i386 Packages
Hit http://ua.archive.ubuntu.com trusty-updates/main Translation-en
Hit http://ua.archive.ubuntu.com trusty-updates/multiverse Translation-en
Hit http://ua.archive.ubuntu.com trusty-updates/restricted Translation-en
Get:2 http://extras.ubuntu.com trusty Release.gpg [72 B]
Hit http://ua.archive.ubuntu.com trusty-updates/universe Translation-en
Hit http://ua.archive.ubuntu.com trusty-backports/main Sources
Hit http://ua.archive.ubuntu.com trusty-backports/restricted Sources
Hit http://ua.archive.ubuntu.com trusty-backports/universe Sources
Hit http://ua.archive.ubuntu.com trusty-backports/multiverse Sources
Hit http://ua.archive.ubuntu.com trusty-backports/main amd64 Packages
Hit http://ua.archive.ubuntu.com trusty-backports/restricted amd64 Packages
Hit http://ua.archive.ubuntu.com trusty-backports/universe amd64 Packages
Hit http://ua.archive.ubuntu.com trusty-backports/multiverse amd64 Packages
Hit http://ua.archive.ubuntu.com trusty-backports/main i386 Packages
Hit http://ua.archive.ubuntu.com trusty-backports/restricted i386 Packages
Hit http://ua.archive.ubuntu.com trusty-backports/universe i386 Packages
Hit http://ua.archive.ubuntu.com trusty-backports/multiverse i386 Packages
Hit http://extras.ubuntu.com trusty Release
Hit http://ua.archive.ubuntu.com trusty-backports/main Translation-en
Hit http://ua.archive.ubuntu.com trusty-backports/multiverse Translation-en
Hit http://ua.archive.ubuntu.com trusty-backports/restricted Translation-en
Hit http://ua.archive.ubuntu.com trusty-backports/universe Translation-en
Hit http://ua.archive.ubuntu.com trusty/main Sources
Hit http://ua.archive.ubuntu.com trusty/restricted Sources
Hit http://ua.archive.ubuntu.com trusty/universe Sources
Hit http://extras.ubuntu.com trusty/main Sources
Hit http://ua.archive.ubuntu.com trusty/multiverse Sources
Get:3 http://security.ubuntu.com trusty-security/main Sources [110 kB]
Hit http://ua.archive.ubuntu.com trusty/main amd64 Packages
Hit http://ua.archive.ubuntu.com trusty/restricted amd64 Packages
Hit http://ua.archive.ubuntu.com trusty/universe amd64 Packages
Hit http://ua.archive.ubuntu.com trusty/multiverse amd64 Packages
Hit http://ua.archive.ubuntu.com trusty/main i386 Packages
Hit http://ua.archive.ubuntu.com trusty/restricted i386 Packages
Hit http://ua.archive.ubuntu.com trusty/universe i386 Packages
Hit http://ua.archive.ubuntu.com trusty/multiverse i386 Packages
Hit http://ua.archive.ubuntu.com trusty/main Translation-en
Hit http://extras.ubuntu.com trusty/main amd64 Packages
Hit http://ua.archive.ubuntu.com trusty/multiverse Translation-en
Hit http://ua.archive.ubuntu.com trusty/restricted Translation-en
Hit http://ua.archive.ubuntu.com trusty/universe Translation-en
Hit http://extras.ubuntu.com trusty/main i386 Packages
Ign http://ua.archive.ubuntu.com trusty/main Translation-en_US
Ign http://ua.archive.ubuntu.com trusty/multiverse Translation-en_US
Ign http://ua.archive.ubuntu.com trusty/restricted Translation-en_US
Ign http://ua.archive.ubuntu.com trusty/universe Translation-en_US
Get:4 http://security.ubuntu.com trusty-security/restricted Sources [4 035 B]
Get:5 http://security.ubuntu.com trusty-security/universe Sources [34,7 kB]
Get:6 http://security.ubuntu.com trusty-security/multiverse Sources [2 750 B]
Get:7 http://security.ubuntu.com trusty-security/main amd64 Packages [449 kB]
Ign http://extras.ubuntu.com trusty/main Translation-en_US
Ign http://extras.ubuntu.com trusty/main Translation-en
Get:8 http://security.ubuntu.com trusty-security/restricted amd64 Packages [13,0 kB]
Get:9 http://security.ubuntu.com trusty-security/universe amd64 Packages [126 kB]
Get:10 http://security.ubuntu.com trusty-security/multiverse amd64 Packages [4 991 B]
Get:11 http://security.ubuntu.com trusty-security/main i386 Packages [423 kB]
Get:12 http://security.ubuntu.com trusty-security/restricted i386 Packages [12,7 kB]
Get:13 http://security.ubuntu.com trusty-security/universe i386 Packages [126 kB]
Get:14 http://security.ubuntu.com trusty-security/multiverse i386 Packages [5 175 B]
Hit http://security.ubuntu.com trusty-security/main Translation-en
Hit http://security.ubuntu.com trusty-security/multiverse Translation-en
Hit http://security.ubuntu.com trusty-security/restricted Translation-en
Hit http://security.ubuntu.com trusty-security/universe Translation-en
Fetched 1 377 kB in 4s (300 kB/s)
Reading package lists...
