[2016-04-02 11:32:53] __rvm_package_extract
__rvm_package_extract () 
{ 
    rvm_debug __rvm_package_extract:$#: "$@";
    \typeset __tempdir __path __file __return;
    __return=0;
    __tempdir="$( TMPDIR="${rvm_tmp_path}" mktemp -d -t rvm-tmp.XXXXXXXXX )";
    __rvm_package_extract_run "$1" "$__tempdir" || __return=$?;
    if (( __return == 0 )); then
        for __path in "$__tempdir"/*;
        do
            __file="${__path##*/}";
            if [[ -n "${__file}" && -e "$2/${__file}" ]]; then
                \command \rm -rf "$2/${__file}" || __return=$?;
            fi;
            \command \mv -f "${__path}" "$2/" || __return=$?;
        done;
    fi;
    if [[ -n "$__tempdir" ]]; then
        \command \rm -rf "$__tempdir";
    fi;
    return $__return
}
current path: /home/ronick/.rvm/src
PATH=/usr/local/sbin:/usr/local/bin:/usr/sbin:/usr/bin:/sbin:/bin:/usr/games:/usr/local/games:/home/ronick/.rvm/bin:/home/ronick/.rvm/bin
command(3): __rvm_package_extract /home/ronick/.rvm/archives/ruby-2.2.2.tar.bz2 /home/ronick/.rvm/tmp/rvm_src_5542
++ rvm_debug __rvm_package_extract:2: /home/ronick/.rvm/archives/ruby-2.2.2.tar.bz2 /home/ronick/.rvm/tmp/rvm_src_5542
++ ((  0  ))
++ return 0
++ typeset __tempdir __path __file __return
++ __return=0
+++ TMPDIR=/home/ronick/.rvm/tmp
+++ mktemp -d -t rvm-tmp.XXXXXXXXX
++ __tempdir=/home/ronick/.rvm/tmp/rvm-tmp.hus9QrKg4
++ __rvm_package_extract_run /home/ronick/.rvm/archives/ruby-2.2.2.tar.bz2 /home/ronick/.rvm/tmp/rvm-tmp.hus9QrKg4
++ [[    != *\ \-\-\n\o\-\s\a\m\e\-\o\w\n\e\r\ * ]]
++ __rvm_tar --help
++ __rvm_grep -- --no-same-owner
++ GREP_OPTIONS=
++ command grep -- --no-same-owner
++ grep -- --no-same-owner
++ rvm_tar_options=--no-same-owner
++ [[ -d /home/ronick/.rvm/tmp/rvm-tmp.hus9QrKg4 ]]
++ case "$1" in
++ [[ -n '' ]]
++ __rvm_tar xjf /home/ronick/.rvm/archives/ruby-2.2.2.tar.bz2 -C /home/ronick/.rvm/tmp/rvm-tmp.hus9QrKg4 --no-same-owner
++ tar xjf /home/ronick/.rvm/archives/ruby-2.2.2.tar.bz2 -C /home/ronick/.rvm/tmp/rvm-tmp.hus9QrKg4 --no-same-owner
++ __rvm_fix_group_permissions /home/ronick/.rvm/tmp/rvm-tmp.hus9QrKg4/ruby-2.2.2
++ umask -S
++ __rvm_grep g=rw
++ GREP_OPTIONS=
++ command grep g=rw
++ grep g=rw
++ chmod -R g+rwX /home/ronick/.rvm/tmp/rvm-tmp.hus9QrKg4/ruby-2.2.2
++ ((  __return == 0  ))
++ for __path in '"$__tempdir"/*'
++ __file=ruby-2.2.2
++ [[ -n ruby-2.2.2 ]]
++ [[ -e /home/ronick/.rvm/tmp/rvm_src_5542/ruby-2.2.2 ]]
++ command mv -f /home/ronick/.rvm/tmp/rvm-tmp.hus9QrKg4/ruby-2.2.2 /home/ronick/.rvm/tmp/rvm_src_5542/
++ mv -f /home/ronick/.rvm/tmp/rvm-tmp.hus9QrKg4/ruby-2.2.2 /home/ronick/.rvm/tmp/rvm_src_5542/
++ [[ -n /home/ronick/.rvm/tmp/rvm-tmp.hus9QrKg4 ]]
++ command rm -rf /home/ronick/.rvm/tmp/rvm-tmp.hus9QrKg4
++ rm -rf /home/ronick/.rvm/tmp/rvm-tmp.hus9QrKg4
++ return 0
