[2016-04-02 11:36:29] alias_create_execute
alias_create_execute () 
{ 
    for _path in "$rvm_rubies_path" "$rvm_environments_path" "$rvm_wrappers_path";
    do
        if [[ -L "$_path/$alias_name" ]]; then
            \command \rm -fv "$_path/$alias_name" || return $?;
        fi;
        \command \ln -fs "$_path/$rvm_ruby_string" "$_path/$alias_name" || return $?;
    done;
    __rvm_db_ "$rvm_path/config/alias" "$alias_name" "$rvm_ruby_string"
}
current path: /home/ronick
GEM_HOME=/home/ronick/.rvm/gems/ruby-2.2.2
PATH=/home/ronick/.rvm/gems/ruby-2.2.2/bin:/home/ronick/.rvm/gems/ruby-2.2.2@global/bin:/home/ronick/.rvm/rubies/ruby-2.2.2/bin:/home/ronick/.rvm/bin:/usr/local/sbin:/usr/local/bin:/usr/sbin:/usr/bin:/sbin:/bin:/usr/games:/usr/local/games
GEM_PATH=/home/ronick/.rvm/gems/ruby-2.2.2:/home/ronick/.rvm/gems/ruby-2.2.2@global
command(1): alias_create_execute
+ for _path in '"$rvm_rubies_path"' '"$rvm_environments_path"' '"$rvm_wrappers_path"'
+ [[ -L /home/ronick/.rvm/rubies/default ]]
+ command ln -fs /home/ronick/.rvm/rubies/ruby-2.2.2 /home/ronick/.rvm/rubies/default
+ ln -fs /home/ronick/.rvm/rubies/ruby-2.2.2 /home/ronick/.rvm/rubies/default
+ for _path in '"$rvm_rubies_path"' '"$rvm_environments_path"' '"$rvm_wrappers_path"'
+ [[ -L /home/ronick/.rvm/environments/default ]]
+ command ln -fs /home/ronick/.rvm/environments/ruby-2.2.2 /home/ronick/.rvm/environments/default
+ ln -fs /home/ronick/.rvm/environments/ruby-2.2.2 /home/ronick/.rvm/environments/default
+ for _path in '"$rvm_rubies_path"' '"$rvm_environments_path"' '"$rvm_wrappers_path"'
+ [[ -L /home/ronick/.rvm/wrappers/default ]]
+ command ln -fs /home/ronick/.rvm/wrappers/ruby-2.2.2 /home/ronick/.rvm/wrappers/default
+ ln -fs /home/ronick/.rvm/wrappers/ruby-2.2.2 /home/ronick/.rvm/wrappers/default
+ __rvm_db_ /home/ronick/.rvm/config/alias default ruby-2.2.2
+ typeset __db __key __value
+ __db=/home/ronick/.rvm/config/alias
+ __key=default
+ shift 2
+ __value=ruby-2.2.2
+ case "${__value}" in
+ __rvm_db_add /home/ronick/.rvm/config/alias default ruby-2.2.2
+ typeset __dir=/home/ronick/.rvm/config
+ [[ -f /home/ronick/.rvm/config/alias ]]
+ __rvm_db_remove /home/ronick/.rvm/config/alias default
+ [[ -f /home/ronick/.rvm/config/alias ]]
+ __rvm_sed -e '\#^default=# d' -e '/^$/d' /home/ronick/.rvm/config/alias
+ sed -e '\#^default=# d' -e '/^$/d' /home/ronick/.rvm/config/alias
+ command mv -f /home/ronick/.rvm/config/alias.new /home/ronick/.rvm/config/alias
+ mv -f /home/ronick/.rvm/config/alias.new /home/ronick/.rvm/config/alias
+ printf '%b=%b\n' default ruby-2.2.2
